0 info it worked if it ends with ok
1 verbose cli [ 'C:\\Program Files\\nodejs\\node.exe',
1 verbose cli   'C:\\Program Files\\nodejs\\node_modules\\npm\\bin\\npm-cli.js',
1 verbose cli   'run',
1 verbose cli   'scss' ]
2 info using npm@3.10.10
3 info using node@v6.11.2
4 verbose run-script [ 'prescss', 'scss', 'postscss' ]
5 info lifecycle confusion@1.0.0~prescss: confusion@1.0.0
6 silly lifecycle confusion@1.0.0~prescss: no script for prescss, continuing
7 info lifecycle confusion@1.0.0~scss: confusion@1.0.0
8 verbose lifecycle confusion@1.0.0~scss: unsafe-perm in lifecycle true
9 verbose lifecycle confusion@1.0.0~scss: PATH: C:\Program Files\nodejs\node_modules\npm\bin\node-gyp-bin;C:\Users\sorai\OneDrive\Documents\conFusion - Copy\node_modules\.bin;C:\Users\sorai\bin;C:\Program Files\Git\mingw64\bin;C:\Program Files\Git\usr\local\bin;C:\Program Files\Git\usr\bin;C:\Program Files\Git\usr\bin;C:\Program Files\Git\mingw64\bin;C:\Program Files\Git\usr\bin;C:\Users\sorai\bin;C:\WINDOWS\system32;C:\WINDOWS;C:\WINDOWS\System32\Wbem;C:\WINDOWS\System32\WindowsPowerShell\v1.0;C:\Program Files (x86)\ATI Technologies\ATI.ACE\Core-Static;C:\Program Files\Git\cmd;C:\Program Files\nodejs;C:\Ruby24\bin;C:\Ruby24-x64\bin;C:\Users\sorai\AppData\Roaming\Dashlane\4.6.6.23032\bin\Firefox_Extension\{442718d9-475e-452a-b3e1-fb1ee16b8e9f}\components;C:\Users\sorai\AppData\Local\Microsoft\WindowsApps;C:\Users\sorai\AppData\Roaming\npm;%DASHLANE_DLL_DIR%;C:\Program Files\Git\usr\bin\vendor_perl;C:\Program Files\Git\usr\bin\core_perl
10 verbose lifecycle confusion@1.0.0~scss: CWD: C:\Users\sorai\OneDrive\Documents\conFusion - Copy
11 silly lifecycle confusion@1.0.0~scss: Args: [ '/d /s /c', 'node-sass -o css/ css/' ]
12 silly lifecycle confusion@1.0.0~scss: Returned: code: 1  signal: null
13 info lifecycle confusion@1.0.0~scss: Failed to exec scss script
14 verbose stack Error: confusion@1.0.0 scss: `node-sass -o css/ css/`
14 verbose stack Exit status 1
14 verbose stack     at EventEmitter.<anonymous> (C:\Program Files\nodejs\node_modules\npm\lib\utils\lifecycle.js:255:16)
14 verbose stack     at emitTwo (events.js:106:13)
14 verbose stack     at EventEmitter.emit (events.js:191:7)
14 verbose stack     at ChildProcess.<anonymous> (C:\Program Files\nodejs\node_modules\npm\lib\utils\spawn.js:40:14)
14 verbose stack     at emitTwo (events.js:106:13)
14 verbose stack     at ChildProcess.emit (events.js:191:7)
14 verbose stack     at maybeClose (internal/child_process.js:891:16)
14 verbose stack     at Process.ChildProcess._handle.onexit (internal/child_process.js:226:5)
15 verbose pkgid confusion@1.0.0
16 verbose cwd C:\Users\sorai\OneDrive\Documents\conFusion - Copy
17 error Windows_NT 10.0.15063
18 error argv "C:\\Program Files\\nodejs\\node.exe" "C:\\Program Files\\nodejs\\node_modules\\npm\\bin\\npm-cli.js" "run" "scss"
19 error node v6.11.2
20 error npm  v3.10.10
21 error code ELIFECYCLE
22 error confusion@1.0.0 scss: `node-sass -o css/ css/`
22 error Exit status 1
23 error Failed at the confusion@1.0.0 scss script 'node-sass -o css/ css/'.
23 error Make sure you have the latest version of node.js and npm installed.
23 error If you do, this is most likely a problem with the confusion package,
23 error not with npm itself.
23 error Tell the author that this fails on your system:
23 error     node-sass -o css/ css/
23 error You can get information on how to open an issue for this project with:
23 error     npm bugs confusion
23 error Or if that isn't available, you can get their info via:
23 error     npm owner ls confusion
23 error There is likely additional logging output above.
24 verbose exit [ 1, true ]
